<?xml version="1.0" encoding="UTF-8"?>
<testng-results ignored="0" total="1" passed="1" failed="0" skipped="0">
  <reporter-output>
  </reporter-output>
  <suite started-at="2023-08-23T12:35:18 IST" name="Default suite" finished-at="2023-08-23T12:35:25 IST" duration-ms="7279">
    <groups>
    </groups>
    <test started-at="2023-08-23T12:35:18 IST" name="Default test" finished-at="2023-08-23T12:35:25 IST" duration-ms="7279">
      <class name="mavenforjenkins.UITest">
        <test-method signature="startBrowser()[pri:0, instance:mavenforjenkins.UITest@293a5bf6]" started-at="2023-08-23T12:35:18 IST" name="startBrowser" finished-at="2023-08-23T12:35:25 IST" duration-ms="7238" status="PASS">
          <reporter-output>
          </reporter-output>
        </test-method> <!-- startBrowser -->
      </class> <!-- mavenforjenkins.UITest -->
    </test> <!-- Default test -->
  </suite> <!-- Default suite -->
</testng-results>
